\BOOKMARK [1][-]{section.1}{Zad\341n\355 \372lohy}{}% 1
\BOOKMARK [1][-]{section.2}{\332daje o bonusov\375ch \372loh\341ch}{}% 2
\BOOKMARK [1][-]{section.3}{Obecn\341 formulace a re\235en\355 probl\351mu}{}% 3
\BOOKMARK [1][-]{section.4}{Aplikovan\351 algoritmy}{}% 4
\BOOKMARK [2][-]{subsection.4.1}{V\375pocet prusec\355ku polygonu}{section.4}% 5
\BOOKMARK [3][-]{subsubsection.4.1.1}{Algoritmus Process intersection}{subsection.4.1}% 6
\BOOKMARK [3][-]{subsubsection.4.1.2}{Algoritmus pro v\375pocet prusec\355ku polygonu}{subsection.4.1}% 7
\BOOKMARK [3][-]{subsubsection.4.1.3}{Algoritmus pro polohu stredov\351ho bodu hrany}{subsection.4.1}% 8
\BOOKMARK [2][-]{subsection.4.2}{Mno\236inov\351 operace}{section.4}% 9
\BOOKMARK [3][-]{subsubsection.4.2.1}{Algoritmus selecEdges}{subsection.4.2}% 10
\BOOKMARK [3][-]{subsubsection.4.2.2}{Algoritmus boolean operations}{subsection.4.2}% 11
\BOOKMARK [3][-]{subsubsection.4.2.3}{Algoritmus setPositionAB}{subsection.4.2}% 12
\BOOKMARK [1][-]{section.5}{Probl\351mov\351 vstupn\355 mno\236iny}{}% 13
\BOOKMARK [1][-]{section.6}{Vstup dat do aplikace}{}% 14
\BOOKMARK [1][-]{section.7}{V\375stup aplikace}{}% 15
\BOOKMARK [1][-]{section.8}{Dokumentace}{}% 16
\BOOKMARK [2][-]{subsection.8.1}{Tr\355dy}{section.8}% 17
\BOOKMARK [3][-]{subsubsection.8.1.1}{Algorithms}{subsection.8.1}% 18
\BOOKMARK [3][-]{subsubsection.8.1.2}{Edge}{subsection.8.1}% 19
\BOOKMARK [3][-]{subsubsection.8.1.3}{QPointFB}{subsection.8.1}% 20
\BOOKMARK [1][-]{section.9}{Testov\341n\355}{}% 21
\BOOKMARK [2][-]{subsection.9.1}{Test 1}{section.9}% 22
\BOOKMARK [2][-]{subsection.9.2}{Test2}{section.9}% 23
\BOOKMARK [2][-]{subsection.9.3}{Test3}{section.9}% 24
\BOOKMARK [1][-]{section.10}{Z\341ver}{}% 25
\BOOKMARK [1][-]{section.11}{N\341mety pro vylep\235en\355}{}% 26
\BOOKMARK [1][-]{section.12}{Reference}{}% 27
