\BOOKMARK [1][-]{section.1}{Zad\341n\355 \372lohy}{}% 1
\BOOKMARK [2][-]{subsection.1.1}{Bonusov\351 \372lohy}{section.1}% 2
\BOOKMARK [1][-]{section.2}{Obecn\341 formulace a re\235en\355 probl\351mu}{}% 3
\BOOKMARK [1][-]{section.3}{Aplikovan\351 algoritmy}{}% 4
\BOOKMARK [2][-]{subsection.3.1}{Delaunay triangulace}{section.3}% 5
\BOOKMARK [3][-]{subsubsection.3.1.1}{Algoritmus DT Incremental}{subsection.3.1}% 6
\BOOKMARK [3][-]{subsubsection.3.1.2}{Algoritmus DT Incremental - add}{subsection.3.1}% 7
\BOOKMARK [2][-]{subsection.3.2}{Vrstevnice}{section.3}% 8
\BOOKMARK [3][-]{subsubsection.3.2.1}{Algoritmus tvorby vrstavnic}{subsection.3.2}% 9
\BOOKMARK [2][-]{subsection.3.3}{Sklon ter\351nu}{section.3}% 10
\BOOKMARK [3][-]{subsubsection.3.3.1}{Algoritmus anal\375zy sklonu}{subsection.3.3}% 11
\BOOKMARK [2][-]{subsection.3.4}{Expozice ter\351nu}{section.3}% 12
\BOOKMARK [3][-]{subsubsection.3.4.1}{Algoritmus anal\375zy expozice}{subsection.3.4}% 13
\BOOKMARK [1][-]{section.4}{Bonusov\351 \372lohy}{}% 14
\BOOKMARK [2][-]{subsection.4.1}{V\375ber barevn\375ch stupnic pri vizualizaci sklonu a expozice}{section.4}% 15
\BOOKMARK [2][-]{subsection.4.2}{Barevn\341 hypsometrie}{section.4}% 16
\BOOKMARK [1][-]{section.5}{Vstup dat do aplikace}{}% 17
\BOOKMARK [1][-]{section.6}{V\375stup aplikace}{}% 18
\BOOKMARK [1][-]{section.7}{Dokumentace}{}% 19
\BOOKMARK [2][-]{subsection.7.1}{Tr\355dy}{section.7}% 20
\BOOKMARK [3][-]{subsubsection.7.1.1}{Algorithms}{subsection.7.1}% 21
\BOOKMARK [3][-]{subsubsection.7.1.2}{Edge}{subsection.7.1}% 22
\BOOKMARK [3][-]{subsubsection.7.1.3}{QPoint3D}{subsection.7.1}% 23
\BOOKMARK [3][-]{subsubsection.7.1.4}{SortbyX}{subsection.7.1}% 24
\BOOKMARK [3][-]{subsubsection.7.1.5}{Triangle}{subsection.7.1}% 25
\BOOKMARK [1][-]{section.8}{Testov\341n\355}{}% 26
\BOOKMARK [2][-]{subsection.8.1}{Test 1}{section.8}% 27
\BOOKMARK [2][-]{subsection.8.2}{Test2}{section.8}% 28
\BOOKMARK [2][-]{subsection.8.3}{Test3}{section.8}% 29
\BOOKMARK [1][-]{section.9}{Z\341ver}{}% 30
\BOOKMARK [1][-]{section.10}{N\341mety pro vylep\235en\355}{}% 31
\BOOKMARK [1][-]{section.11}{Reference}{}% 32
